\BOOKMARK [0][-]{section*.1}{Resumen}{}
\BOOKMARK [0][-]{chapter*.3}{Agradecimientos}{}
\BOOKMARK [0][-]{chapter*.4}{Dedicatoria}{}
\BOOKMARK [0][-]{chapter*.6}{\315ndice de figuras}{}
\BOOKMARK [0][-]{chapter*.7}{\315ndice de tablas}{}
\BOOKMARK [0][-]{chapter*.8}{Introducci\363n}{}
\BOOKMARK [0][-]{chapter.1}{Conceptos B\341sicos}{}
\BOOKMARK [1][-]{section.1.1}{Conceptos de computaci\363n evolutiva}{chapter.1}
\BOOKMARK [2][-]{subsection.1.1.1}{Representaci\363n}{section.1.1}
\BOOKMARK [2][-]{subsection.1.1.2}{Operadores evolutivos}{section.1.1}
\BOOKMARK [2][-]{subsection.1.1.3}{Principales paradigmas}{section.1.1}
\BOOKMARK [1][-]{section.1.2}{Optimizaci\363n multi-objetivo}{chapter.1}
\BOOKMARK [2][-]{subsection.1.2.1}{M\351tricas para evaluar la eficacia}{section.1.2}
\BOOKMARK [2][-]{subsection.1.2.2}{Algoritmos evolutivos multi-objetivo}{section.1.2}
\BOOKMARK [2][-]{subsection.1.2.3}{Clasificaci\363n}{section.1.2}
\BOOKMARK [1][-]{section.1.3}{Algoritmo basado en c\372mulos de part\355culas}{chapter.1}
\BOOKMARK [2][-]{subsection.1.3.1}{Paradigma}{section.1.3}
\BOOKMARK [2][-]{subsection.1.3.2}{Estructura de una part\355cula}{section.1.3}
\BOOKMARK [2][-]{subsection.1.3.3}{Trayectoria de una part\355cula}{section.1.3}
\BOOKMARK [2][-]{subsection.1.3.4}{Descripci\363n de la versi\363n b\341sica}{section.1.3}
\BOOKMARK [2][-]{subsection.1.3.5}{Topolog\355as del c\372mulo de part\355culas}{section.1.3}
\BOOKMARK [2][-]{subsection.1.3.6}{Aspectos avanzados del algoritmo}{section.1.3}
\BOOKMARK [2][-]{subsection.1.3.7}{Descripci\363n de la versi\363n multi-objetivo}{section.1.3}
\BOOKMARK [1][-]{section.1.4}{Hipervolumen}{chapter.1}
\BOOKMARK [2][-]{subsection.1.4.1}{Indicador de hipervolumen}{section.1.4}
\BOOKMARK [2][-]{subsection.1.4.2}{Contribuci\363n al hipervolumen}{section.1.4}
\BOOKMARK [2][-]{subsection.1.4.3}{HypE: Estimaci\363n de la Contribuci\363n del Hipervolumen}{section.1.4}
\BOOKMARK [0][-]{chapter.2}{Algoritmo MOPSO-hv}{}
\BOOKMARK [0][-]{chapter.3}{Evaluaci\363n del algoritmo propuesto y resultados}{}
\BOOKMARK [1][-]{section.3.1}{Conjunto de problemas ZDT}{chapter.3}
\BOOKMARK [1][-]{section.3.2}{Evaluaci\363n del conjunto de problemas ZDT}{chapter.3}
\BOOKMARK [1][-]{section.3.3}{Conjunto de problemas DTLZ}{chapter.3}
\BOOKMARK [1][-]{section.3.4}{Evaluaci\363n del conjunto de problemas DTLZ}{chapter.3}
\BOOKMARK [1][-]{section.3.5}{Resultados de escalabilidad}{chapter.3}
\BOOKMARK [0][-]{chapter.4}{Conclusiones y trabajo futuro}{}
\BOOKMARK [1][-]{section.4.1}{Resumen}{chapter.4}
\BOOKMARK [1][-]{section.4.2}{Conclusiones}{chapter.4}
\BOOKMARK [1][-]{section.4.3}{Trabajo futuro}{chapter.4}
\BOOKMARK [0][-]{section.4.3}{Bibliograf\355a}{}
